# JRE version: OpenJDK Runtime Environment (11.0.20.1+1) (build 11.0.20.1+1-post-Ubuntu-0ubuntu122.04)
# Java VM: OpenJDK 64-Bit Server VM (11.0.20.1+1-post-Ubuntu-0ubuntu122.04, mixed mode, sharing, tiered, compressed oops, g1 gc, linux-amd64)
Heap:
 garbage-first heap   total 129024K, used 30707K [0x0000000085000000, 0x0000000100000000)
  region size 1024K, 22 young (22528K), 2 survivors (2048K)
 Metaspace       used 21355K, capacity 22034K, committed 22272K, reserved 1069056K
  class space    used 2755K, capacity 3019K, committed 3072K, reserved 1048576K
GC Heap History (6 events):
Event: 2.562 GC heap before
{Heap before GC invocations=0 (full 0):
 garbage-first heap   total 129024K, used 28368K [0x0000000085000000, 0x0000000100000000)
  region size 1024K, 24 young (24576K), 0 survivors (0K)
 Metaspace       used 10707K, capacity 11274K, committed 11520K, reserved 1058816K
  class space    used 1253K, capacity 1463K, committed 1536K, reserved 1048576K
}
Event: 2.583 GC heap after
{Heap after GC invocations=1 (full 0):
 garbage-first heap   total 129024K, used 6190K [0x0000000085000000, 0x0000000100000000)
  region size 1024K, 3 young (3072K), 3 survivors (3072K)
 Metaspace       used 10707K, capacity 11274K, committed 11520K, reserved 1058816K
  class space    used 1253K, capacity 1463K, committed 1536K, reserved 1048576K
}
Event: 225.741 GC heap before
{Heap before GC invocations=1 (full 0):
 garbage-first heap   total 129024K, used 43054K [0x0000000085000000, 0x0000000100000000)
  region size 1024K, 37 young (37888K), 3 survivors (3072K)
 Metaspace       used 20377K, capacity 21030K, committed 21248K, reserved 1067008K
  class space    used 2747K, capacity 3014K, committed 3072K, reserved 1048576K
}
Event: 225.759 GC heap after
{Heap after GC invocations=2 (full 0):
 garbage-first heap   total 129024K, used 11193K [0x0000000085000000, 0x0000000100000000)
  region size 1024K, 5 young (5120K), 5 survivors (5120K)
 Metaspace       used 20377K, capacity 21030K, committed 21248K, reserved 1067008K
  class space    used 2747K, capacity 3014K, committed 3072K, reserved 1048576K
}
Event: 937.647 GC heap before
{Heap before GC invocations=3 (full 0):
 garbage-first heap   total 129024K, used 54201K [0x0000000085000000, 0x0000000100000000)
  region size 1024K, 47 young (48128K), 5 survivors (5120K)
 Metaspace       used 21127K, capacity 21776K, committed 22016K, reserved 1069056K
  class space    used 2753K, capacity 3019K, committed 3072K, reserved 1048576K
}
Event: 937.685 GC heap after
{Heap after GC invocations=4 (full 0):
 garbage-first heap   total 129024K, used 11251K [0x0000000085000000, 0x0000000100000000)
  region size 1024K, 2 young (2048K), 2 survivors (2048K)
 Metaspace       used 21127K, capacity 21776K, committed 22016K, reserved 1069056K
  class space    used 2753K, capacity 3019K, committed 3072K, reserved 1048576K
}

